<?xml version="1.0" encoding="UTF-8"?>
<!-- Generated by org.testng.reporters.JUnitReportReporter -->
<testsuite skipped="0" hostname="vilazehra" name="com.redbus.testcases.HomePageTest" tests="9" failures="0" timestamp="2021-07-06T03:31:13 IST" time="97.648" errors="0">
  <testcase name="validateRedBusLogo" time="11.668" classname="com.redbus.testcases.HomePageTest"/>
  <system-out/>
  <testcase name="validateBusHireLink" time="8.186" classname="com.redbus.testcases.HomePageTest"/>
  <system-out/>
  <testcase name="validateRPoolLink" time="7.033" classname="com.redbus.testcases.HomePageTest"/>
  <system-out/>
  <testcase name="validateBusTicketLink" time="10.829" classname="com.redbus.testcases.HomePageTest"/>
  <system-out/>
  <testcase name="validateHelpLink" time="9.401" classname="com.redbus.testcases.HomePageTest"/>
  <system-out/>
  <testcase name="validateSafetyPlusKnowMoreLink" time="10.415" classname="com.redbus.testcases.HomePageTest"/>
  <system-out/>
  <testcase name="searchWithValidData" time="14.731" classname="com.redbus.testcases.HomePageTest"/>
  <system-out/>
  <testcase name="searchWithInvalidFromLocation" time="12.529" classname="com.redbus.testcases.HomePageTest"/>
  <system-out/>
  <testcase name="searchWithInvalidToLocation" time="12.856" classname="com.redbus.testcases.HomePageTest"/>
  <system-out/>
</testsuite> <!-- com.redbus.testcases.HomePageTest -->
