<?xml version="1.0" encoding="UTF-8"?>
<!-- Generated by org.testng.reporters.JUnitReportReporter -->
<testsuite skipped="0" hostname="vilazehra" name="com.redbus.testcases.RPoolPageTest" tests="2" failures="0" timestamp="2021-07-05T22:32:55 IST" time="28.092" errors="0">
  <testcase name="validationOfGooglePlayButton" time="14.900" classname="com.redbus.testcases.RPoolPageTest"/>
  <system-out/>
  <testcase name="validationOfAppStoreButton" time="13.192" classname="com.redbus.testcases.RPoolPageTest"/>
  <system-out/>
</testsuite> <!-- com.redbus.testcases.RPoolPageTest -->
