<?xml version="1.0" encoding="UTF-8"?>
<!-- Generated by org.testng.reporters.JUnitReportReporter -->
<testsuite skipped="0" hostname="vilazehra" name="com.redbus.testcases.SignInPageTest" tests="2" failures="0" timestamp="2021-07-05T14:27:51 IST" time="24.971" errors="0">
  <testcase name="validSignInTest" time="11.117" classname="com.redbus.testcases.SignInPageTest"/>
  <system-out/>
  <testcase name="invalidSignInTest" time="13.854" classname="com.redbus.testcases.SignInPageTest"/>
  <system-out/>
</testsuite> <!-- com.redbus.testcases.SignInPageTest -->
